INFO [07-09|21:51:51.645] Starting Geth on Ethereum mainnet...
INFO [07-09|21:51:51.645] Bumping default cache on mainnet         provided=1024 updated=4096
INFO [07-09|21:51:51.646] Maximum peer count                       ETH=50 total=50
INFO [07-09|21:51:51.650] Set global gas cap                       cap=50,000,000
INFO [07-09|21:51:51.650] Initializing the KZG library             backend=gokzg
INFO [07-09|21:51:51.675] Allocated trie memory caches             clean=614.00MiB dirty=1024.00MiB
INFO [07-09|21:51:51.676] Using pebble as the backing database
INFO [07-09|21:51:51.676] Allocated cache and file handles         database=/Users/WillHester/Desktop/Dev/_ten/devnet/gethdata/geth/chaindata cache=2.00GiB handles=5120
INFO [07-09|21:51:51.805] Opened ancient database                  database=/Users/WillHester/Desktop/Dev/_ten/devnet/gethdata/geth/chaindata/ancient/chain readonly=false
INFO [07-09|21:51:51.805] State scheme set to already existing     scheme=path
INFO [07-09|21:51:51.805] Initialising Ethereum protocol           network=32382 dbversion=<nil>
WARN [07-09|21:51:51.812] Sanitizing invalid node buffer size      provided=1024.00MiB updated=256.00MiB
INFO [07-09|21:51:51.812] Failed to load journal, discard it       err="journal not found"
INFO [07-09|21:51:51.828] Opened ancient database                  database=/Users/WillHester/Desktop/Dev/_ten/devnet/gethdata/geth/chaindata/ancient/state readonly=false
INFO [07-09|21:51:51.828] 
INFO [07-09|21:51:51.828] ---------------------------------------------------------------------------------------------------------------------------------------------------------
INFO [07-09|21:51:51.828] Chain ID:  32382 (unknown)
INFO [07-09|21:51:51.828] Consensus: unknown
INFO [07-09|21:51:51.828] 
INFO [07-09|21:51:51.828] Pre-Merge hard forks (block based):
INFO [07-09|21:51:51.828]  - Homestead:                   #0        (https://github.com/ethereum/execution-specs/blob/master/network-upgrades/mainnet-upgrades/homestead.md)
INFO [07-09|21:51:51.828]  - Tangerine Whistle (EIP 150): #0        (https://github.com/ethereum/execution-specs/blob/master/network-upgrades/mainnet-upgrades/tangerine-whistle.md)
INFO [07-09|21:51:51.828]  - Spurious Dragon/1 (EIP 155): #0        (https://github.com/ethereum/execution-specs/blob/master/network-upgrades/mainnet-upgrades/spurious-dragon.md)
INFO [07-09|21:51:51.828]  - Spurious Dragon/2 (EIP 158): #0        (https://github.com/ethereum/execution-specs/blob/master/network-upgrades/mainnet-upgrades/spurious-dragon.md)
INFO [07-09|21:51:51.828]  - Byzantium:                   #0        (https://github.com/ethereum/execution-specs/blob/master/network-upgrades/mainnet-upgrades/byzantium.md)
INFO [07-09|21:51:51.828]  - Constantinople:              #0        (https://github.com/ethereum/execution-specs/blob/master/network-upgrades/mainnet-upgrades/constantinople.md)
INFO [07-09|21:51:51.828]  - Petersburg:                  #0        (https://github.com/ethereum/execution-specs/blob/master/network-upgrades/mainnet-upgrades/petersburg.md)
INFO [07-09|21:51:51.828]  - Istanbul:                    #0        (https://github.com/ethereum/execution-specs/blob/master/network-upgrades/mainnet-upgrades/istanbul.md)
INFO [07-09|21:51:51.828]  - Muir Glacier:                #0        (https://github.com/ethereum/execution-specs/blob/master/network-upgrades/mainnet-upgrades/muir-glacier.md)
INFO [07-09|21:51:51.828]  - Berlin:                      #0        (https://github.com/ethereum/execution-specs/blob/master/network-upgrades/mainnet-upgrades/berlin.md)
INFO [07-09|21:51:51.828]  - London:                      #0        (https://github.com/ethereum/execution-specs/blob/master/network-upgrades/mainnet-upgrades/london.md)
INFO [07-09|21:51:51.828]  - Arrow Glacier:               #0        (https://github.com/ethereum/execution-specs/blob/master/network-upgrades/mainnet-upgrades/arrow-glacier.md)
INFO [07-09|21:51:51.828]  - Gray Glacier:                #0        (https://github.com/ethereum/execution-specs/blob/master/network-upgrades/mainnet-upgrades/gray-glacier.md)
INFO [07-09|21:51:51.828] 
INFO [07-09|21:51:51.828] Merge configured:
INFO [07-09|21:51:51.828]  - Hard-fork specification:    https://github.com/ethereum/execution-specs/blob/master/network-upgrades/mainnet-upgrades/paris.md
INFO [07-09|21:51:51.828]  - Network known to be merged: true
INFO [07-09|21:51:51.828]  - Total terminal difficulty:  0
INFO [07-09|21:51:51.828] 
INFO [07-09|21:51:51.828] Post-Merge hard forks (timestamp based):
INFO [07-09|21:51:51.828]  - Shanghai:                    @1720558269 (https://github.com/ethereum/execution-specs/blob/master/network-upgrades/mainnet-upgrades/shanghai.md)
INFO [07-09|21:51:51.828]  - Cancun:                      @1720558269 (https://github.com/ethereum/execution-specs/blob/master/network-upgrades/mainnet-upgrades/cancun.md)
INFO [07-09|21:51:51.828] 
INFO [07-09|21:51:51.828] ---------------------------------------------------------------------------------------------------------------------------------------------------------
INFO [07-09|21:51:51.828] 
INFO [07-09|21:51:51.829] Loaded most recent local block           number=0 hash=2bdd8a..10cca6 td=1 age=42s
WARN [07-09|21:51:51.829] Failed to load snapshot                  err="missing or corrupted snapshot"
INFO [07-09|21:51:51.841] Rebuilding state snapshot
INFO [07-09|21:51:51.849] Initialized transaction indexer          range="last 2350000 blocks"
INFO [07-09|21:51:51.849] Resuming state snapshot generation       root=751ec4..865dba accounts=0 slots=0 storage=0.00B dangling=0 elapsed=7.926ms
INFO [07-09|21:51:51.861] Generated state snapshot                 accounts=5 slots=0 storage=350.00B dangling=0 elapsed=19.769ms
INFO [07-09|21:51:52.059] Gasprice oracle is ignoring threshold set threshold=2
WARN [07-09|21:51:52.064] Engine API enabled                       protocol=eth
INFO [07-09|21:51:52.064] Starting peer-to-peer node               instance=Geth/v1.14.6-unstable-98b5930d-20240625/darwin-arm64/go1.22.0
INFO [07-09|21:51:52.084] IPC endpoint opened                      url=/Users/WillHester/Desktop/Dev/_ten/devnet/gethdata/geth.ipc
INFO [07-09|21:51:52.084] Loaded JWT secret file                   path=jwt.hex crc32=0xa17c81b6
INFO [07-09|21:51:52.084] HTTP server started                      endpoint=127.0.0.1:8545 auth=false prefix= cors= vhosts=localhost
INFO [07-09|21:51:52.084] WebSocket enabled                        url=ws://127.0.0.1:8546
INFO [07-09|21:51:52.085] New local node record                    seq=1,720,558,312,084 id=0e620ebebdeeb9ef ip=127.0.0.1 udp=0 tcp=30303
INFO [07-09|21:51:52.085] Started P2P networking                   self="enode://bef622c56577df7d4191747acd948e298a1a6cc8ae56a3139b07e5b4007bb459bdfd52ab96332f14e4a8967b3de904c2c1a2f05d5ff12763c186499ed7e4e7a2@127.0.0.1:30303?discport=0"
INFO [07-09|21:51:52.087] WebSocket enabled                        url=ws://127.0.0.1:8551
INFO [07-09|21:51:52.087] HTTP server started                      endpoint=127.0.0.1:8551 auth=true  prefix= cors=localhost vhosts=localhost
INFO [07-09|21:51:52.570] Unlocked account                         address=0x123463a4B065722E99115D6c222f267d9cABb524
WARN [07-09|21:52:08.199] Forkchoice requested unknown head        hash=c076d0..17a780
WARN [07-09|21:52:08.205] Forkchoice requested unknown head        hash=c076d0..17a780
WARN [07-09|21:52:08.209] Forkchoice requested unknown head        hash=c076d0..17a780
WARN [07-09|21:52:20.195] Forkchoice requested unknown head        hash=c076d0..17a780
WARN [07-09|21:52:20.197] Forkchoice requested unknown head        hash=c076d0..17a780
WARN [07-09|21:52:20.199] Forkchoice requested unknown head        hash=c076d0..17a780
WARN [07-09|21:52:32.198] Forkchoice requested unknown head        hash=c076d0..17a780
WARN [07-09|21:52:32.199] Forkchoice requested unknown head        hash=c076d0..17a780
WARN [07-09|21:52:32.201] Forkchoice requested unknown head        hash=c076d0..17a780
WARN [07-09|21:52:44.193] Forkchoice requested unknown head        hash=c076d0..17a780
WARN [07-09|21:52:44.194] Forkchoice requested unknown head        hash=c076d0..17a780
WARN [07-09|21:52:44.196] Forkchoice requested unknown head        hash=c076d0..17a780
